[2018-12-24 10:38:42] app.ERROR: Data from PrestaShop Addons is invalid, and cannot fallback on cache.  {"exception":"cURL error 28: Operation timed out after 5000 milliseconds with 397821345792000 bytes received"} []
[2018-12-26 13:39:40] request.INFO: Matched route "admin_payment_methods". {"route":"admin_payment_methods","route_parameters":{"_controller":"PrestaShopBundle\\Controller\\Admin\\Improve\\Payment\\PaymentMethodsController::indexAction","_legacy_controller":"AdminPayment","_legacy_link":"AdminPayment","_route":"admin_payment_methods"},"request_uri":"http://localhost/prestashop/admin9027mtopt/index.php/improve/payment/payment_methods?_token=tcYBtGSrYlyCMJQNtX4MWqIBa2Wp26Lq1O1Ji0ozYKY","method":"GET"} []
[2018-12-26 13:39:40] security.DEBUG: Read existing security token from the session. {"key":"_security_main","token_class":"Symfony\\Component\\Security\\Core\\Authentication\\Token\\UsernamePasswordToken"} []
[2018-12-26 13:39:40] security.DEBUG: User was reloaded from a user provider. {"provider":"PrestaShopBundle\\Security\\Admin\\EmployeeProvider","username":"rdaffaz01@gmail.com"} []
[2018-12-26 13:39:49] app.ERROR: Data from PrestaShop Addons is invalid, and cannot fallback on cache.  {"exception":"cURL error 28: Operation timed out after 5000 milliseconds with 475096397381632 bytes received"} []
[2018-12-26 13:39:50] security.DEBUG: Stored the security token in the session. {"key":"_security_main"} []
[2018-12-26 13:39:57] request.INFO: Matched route "admin_module_configure_action". {"route":"admin_module_configure_action","route_parameters":{"_controller":"PrestaShopBundle\\Controller\\Admin\\Improve\\ModuleController::configureModuleAction","_legacy_controller":"AdminModules","module_name":"ps_wirepayment","_route":"admin_module_configure_action"},"request_uri":"http://localhost/prestashop/admin9027mtopt/index.php/improve/modules/manage/action/configure/ps_wirepayment?_token=tcYBtGSrYlyCMJQNtX4MWqIBa2Wp26Lq1O1Ji0ozYKY","method":"GET"} []
[2018-12-26 13:39:57] security.DEBUG: Read existing security token from the session. {"key":"_security_main","token_class":"Symfony\\Component\\Security\\Core\\Authentication\\Token\\UsernamePasswordToken"} []
[2018-12-26 13:39:57] security.DEBUG: User was reloaded from a user provider. {"provider":"PrestaShopBundle\\Security\\Admin\\EmployeeProvider","username":"rdaffaz01@gmail.com"} []
[2018-12-26 13:40:03] app.ERROR: Data from PrestaShop Addons is invalid, and cannot fallback on cache.  {"exception":"cURL error 28: Operation timed out after 5015 milliseconds with 508150465691648 bytes received"} []
[2018-12-26 13:40:04] security.DEBUG: Stored the security token in the session. {"key":"_security_main"} []
[2018-12-26 13:42:31] request.INFO: Matched route "admin_payment_methods". {"route":"admin_payment_methods","route_parameters":{"_controller":"PrestaShopBundle\\Controller\\Admin\\Improve\\Payment\\PaymentMethodsController::indexAction","_legacy_controller":"AdminPayment","_legacy_link":"AdminPayment","_route":"admin_payment_methods"},"request_uri":"http://localhost/prestashop/admin9027mtopt/index.php/improve/payment/payment_methods?_token=tcYBtGSrYlyCMJQNtX4MWqIBa2Wp26Lq1O1Ji0ozYKY","method":"GET"} []
[2018-12-26 13:42:31] security.DEBUG: Read existing security token from the session. {"key":"_security_main","token_class":"Symfony\\Component\\Security\\Core\\Authentication\\Token\\UsernamePasswordToken"} []
[2018-12-26 13:42:31] security.DEBUG: User was reloaded from a user provider. {"provider":"PrestaShopBundle\\Security\\Admin\\EmployeeProvider","username":"rdaffaz01@gmail.com"} []
[2018-12-26 13:42:36] app.ERROR: Data from PrestaShop Addons is invalid, and cannot fallback on cache.  {"exception":"cURL error 28: Operation timed out after 5000 milliseconds with 315701571092480 bytes received"} []
[2018-12-26 13:42:36] security.DEBUG: Stored the security token in the session. {"key":"_security_main"} []
[2018-12-26 13:43:07] request.INFO: Matched route "admin_module_configure_action". {"route":"admin_module_configure_action","route_parameters":{"_controller":"PrestaShopBundle\\Controller\\Admin\\Improve\\ModuleController::configureModuleAction","_legacy_controller":"AdminModules","module_name":"ps_wirepayment","_route":"admin_module_configure_action"},"request_uri":"http://localhost/prestashop/admin9027mtopt/index.php/improve/modules/manage/action/configure/ps_wirepayment?_token=tcYBtGSrYlyCMJQNtX4MWqIBa2Wp26Lq1O1Ji0ozYKY","method":"GET"} []
[2018-12-26 13:43:07] security.DEBUG: Read existing security token from the session. {"key":"_security_main","token_class":"Symfony\\Component\\Security\\Core\\Authentication\\Token\\UsernamePasswordToken"} []
[2018-12-26 13:43:07] security.DEBUG: User was reloaded from a user provider. {"provider":"PrestaShopBundle\\Security\\Admin\\EmployeeProvider","username":"rdaffaz01@gmail.com"} []
[2018-12-26 13:43:12] app.ERROR: Data from PrestaShop Addons is invalid, and cannot fallback on cache.  {"exception":"cURL error 28: Operation timed out after 5000 milliseconds with 623629251379200 bytes received"} []
[2018-12-26 13:43:12] security.DEBUG: Stored the security token in the session. {"key":"_security_main"} []
[2018-12-26 13:46:06] request.INFO: Matched route "admin_payment_preferences". {"route":"admin_payment_preferences","route_parameters":{"_legacy_controller":"AdminPaymentPreferences","_legacy_link":"AdminPaymentPreferences","_controller":"PrestaShopBundle\\Controller\\Admin\\Improve\\Payment\\PaymentPreferencesController::indexAction","_route":"admin_payment_preferences"},"request_uri":"http://localhost/prestashop/admin9027mtopt/index.php/improve/payment/preferences?_token=tcYBtGSrYlyCMJQNtX4MWqIBa2Wp26Lq1O1Ji0ozYKY","method":"GET"} []
[2018-12-26 13:46:06] security.DEBUG: Read existing security token from the session. {"key":"_security_main","token_class":"Symfony\\Component\\Security\\Core\\Authentication\\Token\\UsernamePasswordToken"} []
[2018-12-26 13:46:06] security.DEBUG: User was reloaded from a user provider. {"provider":"PrestaShopBundle\\Security\\Admin\\EmployeeProvider","username":"rdaffaz01@gmail.com"} []
[2018-12-26 13:46:12] app.ERROR: Data from PrestaShop Addons is invalid, and cannot fallback on cache.  {"exception":"cURL error 28: Operation timed out after 5000 milliseconds with 73156177952768 bytes received"} []
[2018-12-26 13:46:14] security.DEBUG: Stored the security token in the session. {"key":"_security_main"} []
[2018-12-26 13:49:07] request.CRITICAL: Uncaught PHP Exception Symfony\Component\Debug\Exception\UndefinedFunctionException: "Attempted to call function "idn_to_ascii" from the global namespace." at C:\xampp\htdocs\Prestashop\classes\Mail.php line 878 {"exception":"[object] (Symfony\\Component\\Debug\\Exception\\UndefinedFunctionException(code: 0): Attempted to call function \"idn_to_ascii\" from the global namespace. at C:\\xampp\\htdocs\\Prestashop\\classes\\Mail.php:878)"} []
